#-----------------------------------------------------------
# Vivado v2016.4 (64-bit)
# SW Build 1733598 on Wed Dec 14 22:35:39 MST 2016
# IP Build 1731160 on Wed Dec 14 23:47:21 MST 2016
# Start of session at: Sun Jan 21 19:18:53 2018
# Process ID: 5088
# Current directory: E:/Workspace/Vivado_16.4/2018_1_20_AM
# Command line: vivado.exe -gui_launcher_event rodinguilauncherevent2612 E:\Workspace\Vivado_16.4\2018_1_20_AM\AM.xpr
# Log file: E:/Workspace/Vivado_16.4/2018_1_20_AM/vivado.log
# Journal file: E:/Workspace/Vivado_16.4/2018_1_20_AM\vivado.jou
#-----------------------------------------------------------
start_gui
open_project E:/Workspace/Vivado_16.4/2018_1_20_AM/AM.xpr
Scanning sources...
Finished scanning sources
INFO: [IP_Flow 19-234] Refreshing IP repositories
INFO: [IP_Flow 19-1704] No user IP repositories specified
INFO: [IP_Flow 19-2313] Loaded Vivado IP repository 'E:/Softwares/Vivado/Vivado/2016.4/data/ip'.
open_project: Time (s): cpu = 00:00:27 ; elapsed = 00:00:22 . Memory (MB): peak = 745.949 ; gain = 155.090
exit
INFO: [Common 17-206] Exiting Vivado at Sun Jan 21 21:45:59 2018...
