#-----------------------------------------------------------
# Vivado v2016.4 (64-bit)
# SW Build 1733598 on Wed Dec 14 22:35:39 MST 2016
# IP Build 1731160 on Wed Dec 14 23:47:21 MST 2016
# Start of session at: Thu Jan 25 02:12:58 2018
# Process ID: 10572
# Current directory: E:/Workspace/Vivado_16.4/2018_1_20_AM
# Command line: vivado.exe -gui_launcher_event rodinguilauncherevent9072 E:\Workspace\Vivado_16.4\2018_1_20_AM\AM.xpr
# Log file: E:/Workspace/Vivado_16.4/2018_1_20_AM/vivado.log
# Journal file: E:/Workspace/Vivado_16.4/2018_1_20_AM\vivado.jou
#-----------------------------------------------------------
start_gui
open_project E:/Workspace/Vivado_16.4/2018_1_20_AM/AM.xpr
Scanning sources...
Finished scanning sources
INFO: [IP_Flow 19-234] Refreshing IP repositories
INFO: [IP_Flow 19-1704] No user IP repositories specified
INFO: [IP_Flow 19-2313] Loaded Vivado IP repository 'E:/Softwares/Vivado/Vivado/2016.4/data/ip'.
open_project: Time (s): cpu = 00:00:13 ; elapsed = 00:00:06 . Memory (MB): peak = 776.719 ; gain = 127.340
INFO: [Device 21-403] Loading part xc7a35tcpg236-1
WARNING: [IP_Flow 19-4067] Ignoring invalid widget type specified checkbox.Providing a default widget
WARNING: [IP_Flow 19-4067] Ignoring invalid widget type specified checkbox.Providing a default widget
WARNING: [IP_Flow 19-4067] Ignoring invalid widget type specified checkbox.Providing a default widget
WARNING: [IP_Flow 19-4067] Ignoring invalid widget type specified checkbox.Providing a default widget
launch_simulation
INFO: [Vivado 12-4795] Using compiled simulation libraries for IPs
INFO: [SIM-utils-51] Simulation object is 'sim_1'
INFO: [USF-XSim-7] Finding pre-compiled libraries...
INFO: [USF-XSim-11] File 'E:/Softwares/Vivado/Vivado/2016.4/data/xsim/ip/xsim_ip.ini' copied to run dir:'E:/Workspace/Vivado_16.4/2018_1_20_AM/AM.sim/sim_1/behav'
INFO: [USF-XSim-37] Inspecting design source files for 'tb_AM' in fileset 'sim_1'...
INFO: [SIM-utils-43] Exported 'E:/Workspace/Vivado_16.4/2018_1_20_AM/AM.sim/sim_1/behav/ROM.mif'
INFO: [SIM-utils-43] Exported 'E:/Workspace/Vivado_16.4/2018_1_20_AM/AM.sim/sim_1/behav/cos_8_1024_signed.coe'
INFO: [USF-XSim-97] Finding global include files...
INFO: [USF-XSim-98] Fetching design files from 'sim_1'...
INFO: [USF-XSim-2] XSim::Compile design
INFO: [USF-XSim-61] Executing 'COMPILE and ANALYZE' step in 'E:/Workspace/Vivado_16.4/2018_1_20_AM/AM.sim/sim_1/behav'
"xvlog -m64 --relax -prj tb_AM_vlog.prj"
INFO: [VRFC 10-2263] Analyzing Verilog file "E:/Workspace/Vivado_16.4/2018_1_20_AM/Design/IP_Core/ROM/ROM/sim/ROM.v" into library xil_defaultlib
INFO: [VRFC 10-311] analyzing module ROM
INFO: [VRFC 10-2263] Analyzing Verilog file "E:/Workspace/Vivado_16.4/2018_1_20_AM/Design/Code/cos_make.v" into library xil_defaultlib
INFO: [VRFC 10-311] analyzing module cos_make
INFO: [VRFC 10-2263] Analyzing Verilog file "E:/Workspace/Vivado_16.4/2018_1_20_AM/Design/Code/modulate.v" into library xil_defaultlib
INFO: [VRFC 10-311] analyzing module modulate
INFO: [VRFC 10-2263] Analyzing Verilog file "E:/Workspace/Vivado_16.4/2018_1_20_AM/Testbeach/tb_AM.v" into library xil_defaultlib
INFO: [VRFC 10-311] analyzing module tb_AM
INFO: [VRFC 10-2263] Analyzing Verilog file "E:/Workspace/Vivado_16.4/2018_1_20_AM/AM.sim/sim_1/behav/glbl.v" into library xil_defaultlib
INFO: [VRFC 10-311] analyzing module glbl
"xvhdl -m64 --relax -prj tb_AM_vhdl.prj"
INFO: [VRFC 10-163] Analyzing VHDL file "E:/Workspace/Vivado_16.4/2018_1_20_AM/Design/IP_Core/MULT/MULT/sim/MULT.vhd" into library xil_defaultlib
INFO: [VRFC 10-307] analyzing entity MULT
INFO: [USF-XSim-69] 'compile' step finished in '2' seconds
INFO: [USF-XSim-3] XSim::Elaborate design
INFO: [USF-XSim-61] Executing 'ELABORATE' step in 'E:/Workspace/Vivado_16.4/2018_1_20_AM/AM.sim/sim_1/behav'
Vivado Simulator 2016.4
Copyright 1986-1999, 2001-2016 Xilinx, Inc. All Rights Reserved.
Running: E:/Softwares/Vivado/Vivado/2016.4/bin/unwrapped/win64.o/xelab.exe -wto d704a2a7b0e34e98932c1741c97d1ace --debug typical --relax --mt 2 -L blk_mem_gen_v8_3_5 -L xil_defaultlib -L xbip_utils_v3_0_7 -L xbip_pipe_v3_0_3 -L xbip_bram18k_v3_0_3 -L mult_gen_v12_0_12 -L unisims_ver -L unimacro_ver -L secureip -L xpm --snapshot tb_AM_behav xil_defaultlib.tb_AM xil_defaultlib.glbl -log elaborate.log 
Using 2 slave threads.
Starting static elaboration
WARNING: [VRFC 10-1783] select index 30 into current_contents is out of bounds [/wrk/2016.4/nightly/2016_12_14_1733598/packages/customer/vivado/data/ip/xilinx/blk_mem_gen_v8_3/simulation/blk_mem_gen_v8_3.v:2419]
WARNING: [VRFC 10-1783] select index 62 into current_contents is out of bounds [/wrk/2016.4/nightly/2016_12_14_1733598/packages/customer/vivado/data/ip/xilinx/blk_mem_gen_v8_3/simulation/blk_mem_gen_v8_3.v:2420]
Completed static elaboration
Starting simulation data flow analysis
WARNING: [XSIM 43-4099] "E:/Workspace/Vivado_16.4/2018_1_20_AM/Design/Code/modulate.v" Line 1. Module modulate doesn't have a timescale but at least one module in design has a timescale.
WARNING: [XSIM 43-4099] "E:/Workspace/Vivado_16.4/2018_1_20_AM/Design/Code/cos_make.v" Line 1. Module cos_make doesn't have a timescale but at least one module in design has a timescale.
WARNING: [XSIM 43-4099] "E:/Workspace/Vivado_16.4/2018_1_20_AM/Design/Code/modulate.v" Line 1. Module modulate doesn't have a timescale but at least one module in design has a timescale.
WARNING: [XSIM 43-4099] "E:/Workspace/Vivado_16.4/2018_1_20_AM/Design/Code/cos_make.v" Line 1. Module cos_make doesn't have a timescale but at least one module in design has a timescale.
Completed simulation data flow analysis
Time Resolution for simulation is 1ps
Compiling package std.standard
Compiling package std.textio
Compiling package ieee.std_logic_1164
Compiling package ieee.numeric_std
Compiling package mult_gen_v12_0_12.mult_gen_v12_0_12_viv_comp
Compiling package xbip_utils_v3_0_7.xbip_utils_v3_0_7_pkg
Compiling package mult_gen_v12_0_12.mult_gen_v12_0_12_pkg
Compiling package ieee.std_logic_arith
Compiling package ieee.std_logic_signed
Compiling package unisim.vcomponents
Compiling package ieee.std_logic_unsigned
Compiling package ieee.vital_timing
Compiling package ieee.vital_primitives
Compiling package unisim.vpkg
Compiling module blk_mem_gen_v8_3_5.blk_mem_gen_v8_3_5_output_stage(...
Compiling module blk_mem_gen_v8_3_5.blk_mem_gen_v8_3_5_output_stage(...
Compiling module blk_mem_gen_v8_3_5.blk_mem_gen_v8_3_5_softecc_outpu...
Compiling module blk_mem_gen_v8_3_5.blk_mem_gen_v8_3_5_mem_module(C_...
Compiling module blk_mem_gen_v8_3_5.blk_mem_axi_regs_fwd_v8_3(C_DATA...
Compiling module blk_mem_gen_v8_3_5.blk_mem_gen_v8_3_5(C_FAMILY="art...
Compiling module xil_defaultlib.ROM
Compiling module xil_defaultlib.cos_make
Compiling architecture lut2_v of entity unisim.LUT2 [\LUT2(init="1000")(0,3)\]
Compiling architecture mult_and_v of entity unisim.MULT_AND [mult_and_default]
Compiling architecture muxcy_v of entity unisim.MUXCY [muxcy_default]
Compiling architecture xorcy_v of entity unisim.XORCY [xorcy_default]
Compiling architecture xilinx of entity mult_gen_v12_0_12.op_resize [\op_resize(ai_width=8,bi_width=8...]
Compiling architecture xilinx of entity mult_gen_v12_0_12.luts [\luts(c_xdevicefamily="artix7",c...]
Compiling architecture xilinx of entity mult_gen_v12_0_12.mult_gen_v12_0_12_viv [\mult_gen_v12_0_12_viv(c_verbosi...]
Compiling architecture xilinx of entity mult_gen_v12_0_12.mult_gen_v12_0_12 [\mult_gen_v12_0_12(c_xdevicefami...]
Compiling architecture mult_arch of entity xil_defaultlib.MULT [mult_default]
Compiling module xil_defaultlib.modulate
Compiling module xil_defaultlib.tb_AM
Compiling module xil_defaultlib.glbl
Built simulation snapshot tb_AM_behav
INFO: [USF-XSim-69] 'elaborate' step finished in '5' seconds
INFO: [USF-XSim-4] XSim::Simulate design
INFO: [USF-XSim-61] Executing 'SIMULATE' step in 'E:/Workspace/Vivado_16.4/2018_1_20_AM/AM.sim/sim_1/behav'
INFO: [USF-XSim-98] *** Running xsim
   with args "tb_AM_behav -key {Behavioral:sim_1:Functional:tb_AM} -tclbatch {tb_AM.tcl} -log {simulate.log}"
INFO: [USF-XSim-8] Loading simulator feature
Vivado Simulator 2016.4
Time resolution is 1 ps
source tb_AM.tcl
# set curr_wave [current_wave_config]
# if { [string length $curr_wave] == 0 } {
#   if { [llength [get_objects]] > 0} {
#     add_wave /
#     set_property needs_save false [current_wave_config]
#   } else {
#      send_msg_id Add_Wave-1 WARNING "No top level signals found. Simulator will start without a wave window. If you want to open a wave window go to 'File->New Waveform Configuration' or type 'create_wave_config' in the TCL console."
#   }
# }
# run 1000ns
 Block Memory Generator module loading initial data...
 Block Memory Generator data initialization complete.
Block Memory Generator module tb_AM.modulate_inst0.cos_make_inst0.ROM_inst.inst.native_mem_module.blk_mem_gen_v8_3_5_inst is using a behavioral model for simulation which will not precisely model memory collision behavior.
INFO: [USF-XSim-96] XSim completed. Design snapshot 'tb_AM_behav' loaded.
INFO: [USF-XSim-97] XSim simulation ran for 1000ns
launch_simulation: Time (s): cpu = 00:00:03 ; elapsed = 00:00:09 . Memory (MB): peak = 975.645 ; gain = 0.000
restart
INFO: [Simtcl 6-17] Simulation restarted
add_wave {{/tb_AM/modulate_inst0/clk}} {{/tb_AM/modulate_inst0/rst_n}} {{/tb_AM/modulate_inst0/AM_mod}} {{/tb_AM/modulate_inst0/cos_s}} {{/tb_AM/modulate_inst0/cos_c}} 
run 100 us
 Block Memory Generator module loading initial data...
 Block Memory Generator data initialization complete.
Block Memory Generator module tb_AM.modulate_inst0.cos_make_inst0.ROM_inst.inst.native_mem_module.blk_mem_gen_v8_3_5_inst is using a behavioral model for simulation which will not precisely model memory collision behavior.
run 100 us
run 100 us
run 100 us
run 100 us
close_sim
INFO: [Simtcl 6-16] Simulation closed
exit
INFO: [Common 17-206] Exiting Vivado at Thu Jan 25 03:38:17 2018...
