
*** Running vivado
    with args -log FIR.vds -m64 -product Vivado -mode batch -messageDb vivado.pb -notrace -source FIR.tcl


****** Vivado v2016.4 (64-bit)
  **** SW Build 1733598 on Wed Dec 14 22:35:39 MST 2016
  **** IP Build 1731160 on Wed Dec 14 23:47:21 MST 2016
    ** Copyright 1986-2016 Xilinx, Inc. All Rights Reserved.

source FIR.tcl -notrace
Starting RTL Elaboration : Time (s): cpu = 00:00:09 ; elapsed = 00:00:11 . Memory (MB): peak = 308.512 ; gain = 98.695
INFO: [Synth 8-638] synthesizing module 'FIR' [e:/Workspace/Vivado_16.4/2018_1_20_AM/Design/IP_Core/FIR/FIR/synth/FIR.vhd:70]
INFO: [Synth 8-256] done synthesizing module 'FIR' (14#1) [e:/Workspace/Vivado_16.4/2018_1_20_AM/Design/IP_Core/FIR/FIR/synth/FIR.vhd:70]
Finished RTL Elaboration : Time (s): cpu = 00:00:30 ; elapsed = 00:00:32 . Memory (MB): peak = 380.402 ; gain = 170.586
Finished RTL Optimization Phase 1 : Time (s): cpu = 00:00:30 ; elapsed = 00:00:32 . Memory (MB): peak = 380.402 ; gain = 170.586
INFO: [Device 21-403] Loading part xc7a35tcpg236-1
Constraint Validation Runtime : Time (s): cpu = 00:00:00 ; elapsed = 00:00:00.193 . Memory (MB): peak = 662.199 ; gain = 0.000
Finished Constraint Validation : Time (s): cpu = 00:00:46 ; elapsed = 00:00:48 . Memory (MB): peak = 662.199 ; gain = 452.383
Finished Loading Part and Timing Information : Time (s): cpu = 00:00:46 ; elapsed = 00:00:48 . Memory (MB): peak = 662.199 ; gain = 452.383
Finished applying 'set_property' XDC Constraints : Time (s): cpu = 00:00:46 ; elapsed = 00:00:48 . Memory (MB): peak = 662.199 ; gain = 452.383
Finished RTL Optimization Phase 2 : Time (s): cpu = 00:00:48 ; elapsed = 00:00:50 . Memory (MB): peak = 662.199 ; gain = 452.383
Finished Cross Boundary and Area Optimization : Time (s): cpu = 00:00:49 ; elapsed = 00:00:52 . Memory (MB): peak = 662.199 ; gain = 452.383
Finished Applying XDC Timing Constraints : Time (s): cpu = 00:01:10 ; elapsed = 00:01:13 . Memory (MB): peak = 662.199 ; gain = 452.383
Finished Timing Optimization : Time (s): cpu = 00:01:10 ; elapsed = 00:01:14 . Memory (MB): peak = 662.199 ; gain = 452.383
Finished Technology Mapping : Time (s): cpu = 00:01:11 ; elapsed = 00:01:15 . Memory (MB): peak = 669.730 ; gain = 459.914
Finished IO Insertion : Time (s): cpu = 00:01:12 ; elapsed = 00:01:16 . Memory (MB): peak = 669.730 ; gain = 459.914
Finished Renaming Generated Instances : Time (s): cpu = 00:01:12 ; elapsed = 00:01:16 . Memory (MB): peak = 669.730 ; gain = 459.914
Finished Rebuilding User Hierarchy : Time (s): cpu = 00:01:13 ; elapsed = 00:01:17 . Memory (MB): peak = 669.730 ; gain = 459.914
Finished Renaming Generated Ports : Time (s): cpu = 00:01:13 ; elapsed = 00:01:17 . Memory (MB): peak = 669.730 ; gain = 459.914
Finished Handling Custom Attributes : Time (s): cpu = 00:01:13 ; elapsed = 00:01:17 . Memory (MB): peak = 669.730 ; gain = 459.914
Finished Renaming Generated Nets : Time (s): cpu = 00:01:13 ; elapsed = 00:01:17 . Memory (MB): peak = 669.730 ; gain = 459.914

Report Cell Usage: 
+------+----------+------+
|      |Cell      |Count |
+------+----------+------+
|1     |DSP48E1   |    13|
|2     |DSP48E1_1 |     1|
|3     |LUT1      |    12|
|4     |LUT2      |    39|
|5     |LUT3      |    79|
|6     |LUT4      |     4|
|7     |LUT5      |     3|
|8     |LUT6      |     5|
|9     |SRL16E    |   455|
|10    |SRLC32E   |     1|
|11    |FDRE      |   997|
|12    |FDSE      |     1|
+------+----------+------+
Finished Writing Synthesis Report : Time (s): cpu = 00:01:13 ; elapsed = 00:01:17 . Memory (MB): peak = 669.730 ; gain = 459.914
synth_design: Time (s): cpu = 00:01:13 ; elapsed = 00:01:16 . Memory (MB): peak = 669.730 ; gain = 438.777
